2023-02-26 15:50:17,944{GMT}	INFO	[jepsen test runner] jepsen.core: Command line:
lein run test -w unique-ids --bin /home/ambareen/go/bin/maelstrom-unique-ids --time-limit 30 --rate 1000 --node-count 3 --availability total --nemesis partition
2023-02-26 15:50:18,035{GMT}	INFO	[jepsen test runner] jepsen.core: Running test:
{:args []
 :remote
 #jepsen.control.retry.Remote{:remote #jepsen.control.scp.Remote{:cmd-remote #jepsen.control.sshj.SSHJRemote{:concurrency-limit 6,
                                                                                                             :conn-spec nil,
                                                                                                             :client nil,
                                                                                                             :semaphore nil},
                                                                 :conn-spec nil},
                              :conn nil}
 :log-net-send false
 :node-count 3
 :availability :total
 :max-txn-length 4
 :concurrency 3
 :db
 #object[maelstrom.db$db$reify__16142
         "0x60a3a0fa"
         "maelstrom.db$db$reify__16142@60a3a0fa"]
 :max-writes-per-key 16
 :leave-db-running? false
 :name "unique-ids"
 :logging-json? false
 :start-time
 #object[org.joda.time.DateTime "0x704c3ca2" "2023-02-26T15:50:17.928+05:30"]
 :nemesis-interval 10
 :net
 #object[maelstrom.net$jepsen_net$reify__15251
         "0x7d3a9061"
         "maelstrom.net$jepsen_net$reify__15251@7d3a9061"]
 :client
 #object[maelstrom.workload.unique_ids$client$reify__20074
         "0x2a2f7a61"
         "maelstrom.workload.unique_ids$client$reify__20074@2a2f7a61"]
 :barrier
 #object[java.util.concurrent.CyclicBarrier
         "0x8d40f07"
         "java.util.concurrent.CyclicBarrier@8d40f07"]
 :log-stderr false
 :pure-generators true
 :ssh {:dummy? true}
 :rate 1000.0
 :checker
 #object[jepsen.checker$compose$reify__11881
         "0x196c8b93"
         "jepsen.checker$compose$reify__11881@196c8b93"]
 :argv
 ("test"
  "-w"
  "unique-ids"
  "--bin"
  "/home/ambareen/go/bin/maelstrom-unique-ids"
  "--time-limit"
  "30"
  "--rate"
  "1000"
  "--node-count"
  "3"
  "--availability"
  "total"
  "--nemesis"
  "partition")
 :nemesis
 (jepsen.nemesis.ReflCompose
  {:fm {:start-partition 0,
        :stop-partition 0,
        :kill 1,
        :start 1,
        :pause 1,
        :resume 1},
   :nemeses [#unprintable "jepsen.nemesis.combined$partition_nemesis$reify__16416@307ca947"
             #unprintable "jepsen.nemesis.combined$db_nemesis$reify__16397@61d1315b"]})
 :nodes ["n0" "n1" "n2"]
 :test-count 1
 :latency {:mean 0, :dist :constant}
 :bin "/home/ambareen/go/bin/maelstrom-unique-ids"
 :generator
 (jepsen.generator.TimeLimit
  {:limit 30000000000,
   :cutoff nil,
   :gen (jepsen.generator.Any
         {:gens [(jepsen.generator.OnThreads
                  {:f #{:nemesis},
                   :context-filter #object[jepsen.generator.context$make_thread_filter$lazy_filter__9167
                                           "0x11736ebc"
                                           "jepsen.generator.context$make_thread_filter$lazy_filter__9167@11736ebc"],
                   :gen (jepsen.generator.Stagger
                         {:dt 20000000000,
                          :next-time nil,
                          :gen (jepsen.generator.FlipFlop
                                {:gens [#object[jepsen.nemesis.combined$partition_package$start__16420
                                                "0x4a03c4bc"
                                                "jepsen.nemesis.combined$partition_package$start__16420@4a03c4bc"]
                                        ({:type :info,
                                          :f :stop-partition,
                                          :value nil}
                                         {:type :info,
                                          :f :stop-partition,
                                          :value nil}
                                         {:type :info,
                                          :f :stop-partition,
                                          :value nil}
                                         {:type :info,
                                          :f :stop-partition,
                                          :value nil}
                                         {:type :info,
                                          :f :stop-partition,
                                          :value nil}
                                         {:type :info,
                                          :f :stop-partition,
                                          :value nil}
                                         {:type :info,
                                          :f :stop-partition,
                                          :value nil}
                                         {:type :info,
                                          :f :stop-partition,
                                          :value nil}
                                         ...)],
                                 :i 0})})})
                 (jepsen.generator.OnThreads
                  {:f #jepsen.generator.context.AllBut{:element :nemesis},
                   :context-filter #object[jepsen.generator.context$make_thread_filter$lazy_filter__9167
                                           "0x5aad4194"
                                           "jepsen.generator.context$make_thread_filter$lazy_filter__9167@5aad4194"],
                   :gen (jepsen.generator.Stagger
                         {:dt 2000000,
                          :next-time nil,
                          :gen (jepsen.generator.Repeat
                                {:remaining -1, :gen {:f :generate}})})})]})})
 :log-net-recv false
 :os
 #object[maelstrom.net$jepsen_os$reify__15254
         "0x50a1c2f3"
         "maelstrom.net$jepsen_os$reify__15254@50a1c2f3"]
 :time-limit 30
 :workload :unique-ids
 :consistency-models [:strict-serializable]
 :topology :grid}

2023-02-26 15:50:19,882{GMT}	INFO	[jepsen node n0] maelstrom.net: Starting Maelstrom network
2023-02-26 15:50:19,883{GMT}	INFO	[jepsen test runner] jepsen.db: Tearing down DB
2023-02-26 15:50:19,885{GMT}	INFO	[jepsen test runner] jepsen.db: Setting up DB
2023-02-26 15:50:19,885{GMT}	INFO	[jepsen node n1] maelstrom.db: Setting up n1
2023-02-26 15:50:19,885{GMT}	INFO	[jepsen node n2] maelstrom.db: Setting up n2
2023-02-26 15:50:19,886{GMT}	INFO	[jepsen node n1] maelstrom.process: launching /home/ambareen/go/bin/maelstrom-unique-ids []
2023-02-26 15:50:19,886{GMT}	INFO	[jepsen node n2] maelstrom.process: launching /home/ambareen/go/bin/maelstrom-unique-ids []
2023-02-26 15:50:19,888{GMT}	INFO	[jepsen node n0] maelstrom.service: Starting services: (lin-kv lin-tso lww-kv seq-kv)
2023-02-26 15:50:19,890{GMT}	INFO	[jepsen node n0] maelstrom.db: Setting up n0
2023-02-26 15:50:19,890{GMT}	INFO	[jepsen node n0] maelstrom.process: launching /home/ambareen/go/bin/maelstrom-unique-ids []
2023-02-26 15:50:19,920{GMT}	INFO	[jepsen test runner] jepsen.core: Relative time begins now
2023-02-26 15:50:19,936{GMT}	INFO	[jepsen worker 0] jepsen.util: 0	:invoke	:generate	nil
2023-02-26 15:50:19,936{GMT}	INFO	[jepsen worker 2] jepsen.util: 2	:invoke	:generate	nil
2023-02-26 15:50:19,936{GMT}	INFO	[jepsen worker nemesis] jepsen.util: :nemesis	:info	:start-partition	:majority
2023-02-26 15:50:19,938{GMT}	INFO	[jepsen worker 1] jepsen.util: 1	:invoke	:generate	nil
2023-02-26 15:50:19,949{GMT}	INFO	[jepsen worker nemesis] jepsen.util: :nemesis	:info	:start-partition	[:isolated {"n1" #{"n2" "n0"}, "n2" #{"n1"}, "n0" #{"n1"}}]
2023-02-26 15:50:24,939{GMT}	INFO	[jepsen worker 1] jepsen.util: 1	:info	:generate	nil	:net-timeout
2023-02-26 15:50:24,942{GMT}	INFO	[jepsen worker 1] jepsen.util: 4	:invoke	:generate	nil
2023-02-26 15:50:24,943{GMT}	INFO	[jepsen worker 0] jepsen.util: 0	:info	:generate	nil	:net-timeout
2023-02-26 15:50:24,945{GMT}	INFO	[jepsen worker 0] jepsen.util: 3	:invoke	:generate	nil
2023-02-26 15:50:24,939{GMT}	INFO	[jepsen worker 2] jepsen.util: 2	:info	:generate	nil	:net-timeout
2023-02-26 15:50:24,947{GMT}	INFO	[jepsen worker 2] jepsen.util: 5	:invoke	:generate	nil
2023-02-26 15:50:29,943{GMT}	INFO	[jepsen worker 1] jepsen.util: 4	:info	:generate	nil	:net-timeout
2023-02-26 15:50:29,945{GMT}	INFO	[jepsen worker 1] jepsen.util: 7	:invoke	:generate	nil
2023-02-26 15:50:29,946{GMT}	INFO	[jepsen worker 0] jepsen.util: 3	:info	:generate	nil	:net-timeout
2023-02-26 15:50:29,949{GMT}	INFO	[jepsen worker 0] jepsen.util: 6	:invoke	:generate	nil
2023-02-26 15:50:29,947{GMT}	INFO	[jepsen worker 2] jepsen.util: 5	:info	:generate	nil	:net-timeout
2023-02-26 15:50:29,952{GMT}	INFO	[jepsen worker 2] jepsen.util: 8	:invoke	:generate	nil
2023-02-26 15:50:32,567{GMT}	INFO	[jepsen worker nemesis] jepsen.util: :nemesis	:info	:stop-partition	nil
2023-02-26 15:50:32,568{GMT}	INFO	[jepsen worker nemesis] jepsen.util: :nemesis	:info	:stop-partition	:network-healed
2023-02-26 15:50:34,948{GMT}	INFO	[jepsen worker 1] jepsen.util: 7	:info	:generate	nil	:net-timeout
2023-02-26 15:50:34,950{GMT}	INFO	[jepsen worker 0] jepsen.util: 6	:info	:generate	nil	:net-timeout
2023-02-26 15:50:34,950{GMT}	INFO	[jepsen worker 1] jepsen.util: 10	:invoke	:generate	nil
2023-02-26 15:50:34,952{GMT}	INFO	[jepsen worker 2] jepsen.util: 8	:info	:generate	nil	:net-timeout
2023-02-26 15:50:34,952{GMT}	INFO	[jepsen worker 0] jepsen.util: 9	:invoke	:generate	nil
2023-02-26 15:50:34,956{GMT}	INFO	[jepsen worker 2] jepsen.util: 11	:invoke	:generate	nil
2023-02-26 15:50:39,953{GMT}	INFO	[jepsen worker 1] jepsen.util: 10	:info	:generate	nil	:net-timeout
2023-02-26 15:50:39,954{GMT}	INFO	[jepsen worker 1] jepsen.util: 13	:invoke	:generate	nil
2023-02-26 15:50:39,954{GMT}	INFO	[jepsen worker 0] jepsen.util: 9	:info	:generate	nil	:net-timeout
2023-02-26 15:50:39,956{GMT}	INFO	[jepsen worker 2] jepsen.util: 11	:info	:generate	nil	:net-timeout
2023-02-26 15:50:39,958{GMT}	INFO	[jepsen worker 0] jepsen.util: 12	:invoke	:generate	nil
2023-02-26 15:50:39,958{GMT}	INFO	[jepsen worker 2] jepsen.util: 14	:invoke	:generate	nil
2023-02-26 15:50:44,955{GMT}	INFO	[jepsen worker 1] jepsen.util: 13	:info	:generate	nil	:net-timeout
2023-02-26 15:50:44,958{GMT}	INFO	[jepsen worker 1] jepsen.util: 16	:invoke	:generate	nil
2023-02-26 15:50:44,959{GMT}	INFO	[jepsen worker 0] jepsen.util: 12	:info	:generate	nil	:net-timeout
2023-02-26 15:50:44,961{GMT}	INFO	[jepsen worker 0] jepsen.util: 15	:invoke	:generate	nil
2023-02-26 15:50:44,961{GMT}	INFO	[jepsen worker 2] jepsen.util: 14	:info	:generate	nil	:net-timeout
2023-02-26 15:50:44,963{GMT}	INFO	[jepsen worker 2] jepsen.util: 17	:invoke	:generate	nil
2023-02-26 15:50:47,687{GMT}	INFO	[jepsen worker nemesis] jepsen.util: :nemesis	:info	:start-partition	:majorities-ring
2023-02-26 15:50:47,705{GMT}	INFO	[jepsen worker nemesis] jepsen.util: :nemesis	:info	:start-partition	[:isolated {"n2" #{"n0"}, "n0" #{"n1"}, "n1" #{"n2"}}]
2023-02-26 15:50:49,958{GMT}	INFO	[jepsen worker 1] jepsen.util: 16	:info	:generate	nil	:net-timeout
2023-02-26 15:50:49,962{GMT}	INFO	[jepsen worker 0] jepsen.util: 15	:info	:generate	nil	:net-timeout
2023-02-26 15:50:49,963{GMT}	INFO	[jepsen worker 2] jepsen.util: 17	:info	:generate	nil	:net-timeout
2023-02-26 15:50:49,990{GMT}	INFO	[jepsen test runner] jepsen.core: Run complete, writing
2023-02-26 15:50:50,120{GMT}	INFO	[jepsen node n0] maelstrom.db: Tearing down n0
2023-02-26 15:50:50,128{GMT}	INFO	[jepsen node n2] maelstrom.db: Tearing down n2
2023-02-26 15:50:50,128{GMT}	INFO	[jepsen node n1] maelstrom.db: Tearing down n1
2023-02-26 15:50:50,965{GMT}	INFO	[jepsen node n0] maelstrom.net: Shutting down Maelstrom network
2023-02-26 15:50:50,968{GMT}	WARN	[jepsen test runner] jepsen.core: Test crashed!
clojure.lang.ExceptionInfo: Node n1 crashed with exit status 1. Before crashing, it wrote to STDOUT:

{"src":"n1","dest":"c0","body":{"in_reply_to":1,"type":"init_ok"}}

And to STDERR:

2023/02/26 15:50:19 Received {c0 n1 {"type":"init","node_id":"n1","node_ids":["n0","n1","n2"],"msg_id":1}}
2023/02/26 15:50:19 Node n1 initialized
2023/02/26 15:50:19 Sent {"src":"n1","dest":"c0","body":{"in_reply_to":1,"type":"init_ok"}}
2023/02/26 15:50:19 Received {c8 n1 {"type":"generate","msg_id":1}}
2023/02/26 15:50:19 ERROR: No handler for {"id":8,"src":"c8","dest":"n1","body":{"type":"generate","msg_id":1}}

Full STDERR logs are available in /home/ambareen/Ambareen-Personal/Personal-projects/gossip-glomers/maelstrom/store/unique-ids/20230226T155017.928+0530/node-logs/n1.log
	at slingshot.support$stack_trace.invoke(support.clj:201)
	at maelstrom.process$stop_node_BANG_.invokeStatic(process.clj:239)
	at maelstrom.process$stop_node_BANG_.invoke(process.clj:217)
	at maelstrom.db$db$reify__16142.teardown_BANG_(db.clj:75)
	at jepsen.db$fn__8744$G__8725__8748.invoke(db.clj:12)
	at jepsen.db$fn__8744$G__8724__8753.invoke(db.clj:12)
	at clojure.core$partial$fn__5908.invoke(core.clj:2642)
	at jepsen.control$on_nodes$fn__8599.invoke(control.clj:314)
	at clojure.lang.AFn.applyToHelper(AFn.java:154)
	at clojure.lang.AFn.applyTo(AFn.java:144)
	at clojure.core$apply.invokeStatic(core.clj:667)
	at clojure.core$with_bindings_STAR_.invokeStatic(core.clj:1990)
	at clojure.core$with_bindings_STAR_.doInvoke(core.clj:1990)
	at clojure.lang.RestFn.applyTo(RestFn.java:142)
	at clojure.core$apply.invokeStatic(core.clj:671)
	at clojure.core$bound_fn_STAR_$fn__5818.doInvoke(core.clj:2020)
	at clojure.lang.RestFn.invoke(RestFn.java:408)
	at dom_top.core$real_pmap_helper$build_thread__211$fn__212.invoke(core.clj:163)
	at clojure.lang.AFn.applyToHelper(AFn.java:152)
	at clojure.lang.AFn.applyTo(AFn.java:144)
	at clojure.core$apply.invokeStatic(core.clj:667)
	at clojure.core$with_bindings_STAR_.invokeStatic(core.clj:1990)
	at clojure.core$with_bindings_STAR_.doInvoke(core.clj:1990)
	at clojure.lang.RestFn.invoke(RestFn.java:425)
	at clojure.lang.AFn.applyToHelper(AFn.java:156)
	at clojure.lang.RestFn.applyTo(RestFn.java:132)
	at clojure.core$apply.invokeStatic(core.clj:671)
	at clojure.core$bound_fn_STAR_$fn__5818.doInvoke(core.clj:2020)
	at clojure.lang.RestFn.invoke(RestFn.java:397)
	at clojure.lang.AFn.run(AFn.java:22)
	at java.base/java.lang.Thread.run(Thread.java:833)
