2023-02-26 15:37:18,197{GMT}	INFO	[jepsen test runner] jepsen.core: Command line:
lein run test -w echo --bin /home/ambareen/go/bin/maelstrom-echo --node-count 1 --time-limit 10
2023-02-26 15:37:18,292{GMT}	INFO	[jepsen test runner] jepsen.core: Running test:
{:args []
 :remote
 #jepsen.control.retry.Remote{:remote #jepsen.control.scp.Remote{:cmd-remote #jepsen.control.sshj.SSHJRemote{:concurrency-limit 6,
                                                                                                             :conn-spec nil,
                                                                                                             :client nil,
                                                                                                             :semaphore nil},
                                                                 :conn-spec nil},
                              :conn nil}
 :log-net-send false
 :node-count 1
 :availability nil
 :max-txn-length 4
 :concurrency 1
 :db
 #object[maelstrom.db$db$reify__16142
         "0xd15f98a"
         "maelstrom.db$db$reify__16142@d15f98a"]
 :max-writes-per-key 16
 :leave-db-running? false
 :name "echo"
 :logging-json? false
 :start-time
 #object[org.joda.time.DateTime "0x8d40f07" "2023-02-26T15:37:18.174+05:30"]
 :nemesis-interval 10
 :net
 #object[maelstrom.net$jepsen_net$reify__15251
         "0x196c8b93"
         "maelstrom.net$jepsen_net$reify__15251@196c8b93"]
 :client
 #object[maelstrom.workload.echo$client$reify__16863
         "0x307ca947"
         "maelstrom.workload.echo$client$reify__16863@307ca947"]
 :barrier
 #object[java.util.concurrent.CyclicBarrier
         "0x61d1315b"
         "java.util.concurrent.CyclicBarrier@61d1315b"]
 :log-stderr false
 :pure-generators true
 :ssh {:dummy? true}
 :rate 5
 :checker
 #object[jepsen.checker$compose$reify__11881
         "0x49d5b651"
         "jepsen.checker$compose$reify__11881@49d5b651"]
 :argv
 ("test"
  "-w"
  "echo"
  "--bin"
  "/home/ambareen/go/bin/maelstrom-echo"
  "--node-count"
  "1"
  "--time-limit"
  "10")
 :nemesis
 (jepsen.nemesis.ReflCompose
  {:fm {:start-partition 0,
        :stop-partition 0,
        :kill 1,
        :start 1,
        :pause 1,
        :resume 1},
   :nemeses [#unprintable "jepsen.nemesis.combined$partition_nemesis$reify__16416@34989ceb"
             #unprintable "jepsen.nemesis.combined$db_nemesis$reify__16397@61fb3dae"]})
 :nodes ["n0"]
 :test-count 1
 :latency {:mean 0, :dist :constant}
 :bin "/home/ambareen/go/bin/maelstrom-echo"
 :generator
 (jepsen.generator.TimeLimit
  {:limit 10000000000,
   :cutoff nil,
   :gen (jepsen.generator.Any
         {:gens [(jepsen.generator.OnThreads
                  {:f #{:nemesis},
                   :context-filter #object[jepsen.generator.context$make_thread_filter$lazy_filter__9167
                                           "0x5aad4194"
                                           "jepsen.generator.context$make_thread_filter$lazy_filter__9167@5aad4194"],
                   :gen nil})
                 (jepsen.generator.OnThreads
                  {:f #jepsen.generator.context.AllBut{:element :nemesis},
                   :context-filter #object[jepsen.generator.context$make_thread_filter$lazy_filter__9167
                                           "0x50a1c2f3"
                                           "jepsen.generator.context$make_thread_filter$lazy_filter__9167@50a1c2f3"],
                   :gen (jepsen.generator.Stagger
                         {:dt 400000000,
                          :next-time nil,
                          :gen (jepsen.generator.EachThread
                                {:fresh-gen #object[maelstrom.workload.echo$workload$fn__16882
                                                    "0x453ca7f"
                                                    "maelstrom.workload.echo$workload$fn__16882@453ca7f"],
                                 :context-filters #object[clojure.core$promise$reify__8591
                                                          "0x5d41b929"
                                                          {:status :pending,
                                                           :val nil}],
                                 :gens {}})})})]})})
 :log-net-recv false
 :os
 #object[maelstrom.net$jepsen_os$reify__15254
         "0x6dd0e2f4"
         "maelstrom.net$jepsen_os$reify__15254@6dd0e2f4"]
 :time-limit 10
 :workload :echo
 :consistency-models [:strict-serializable]
 :topology :grid}

2023-02-26 15:37:20,388{GMT}	INFO	[jepsen node n0] maelstrom.net: Starting Maelstrom network
2023-02-26 15:37:20,389{GMT}	INFO	[jepsen test runner] jepsen.db: Tearing down DB
2023-02-26 15:37:20,390{GMT}	INFO	[jepsen test runner] jepsen.db: Setting up DB
2023-02-26 15:37:20,393{GMT}	INFO	[jepsen node n0] maelstrom.service: Starting services: (lin-kv lin-tso lww-kv seq-kv)
2023-02-26 15:37:20,396{GMT}	INFO	[jepsen node n0] maelstrom.db: Setting up n0
2023-02-26 15:37:20,397{GMT}	INFO	[jepsen node n0] maelstrom.process: launching /home/ambareen/go/bin/maelstrom-echo []
2023-02-26 15:37:20,418{GMT}	INFO	[jepsen test runner] jepsen.core: Relative time begins now
2023-02-26 15:37:20,438{GMT}	INFO	[jepsen worker 0] jepsen.util: 0	:invoke	:echo	"Please echo 8"
2023-02-26 15:37:20,444{GMT}	INFO	[jepsen worker 0] jepsen.util: 0	:ok	:echo	{:echo "Please echo 8", :in_reply_to 1, :msg_id 1, :type "echo_ok"}
2023-02-26 15:37:20,497{GMT}	INFO	[jepsen worker 0] jepsen.util: 0	:invoke	:echo	"Please echo 70"
2023-02-26 15:37:20,499{GMT}	INFO	[jepsen worker 0] jepsen.util: 0	:ok	:echo	{:echo "Please echo 70", :in_reply_to 2, :msg_id 2, :type "echo_ok"}
2023-02-26 15:37:20,710{GMT}	INFO	[jepsen worker 0] jepsen.util: 0	:invoke	:echo	"Please echo 89"
2023-02-26 15:37:20,713{GMT}	INFO	[jepsen worker 0] jepsen.util: 0	:ok	:echo	{:echo "Please echo 89", :in_reply_to 3, :msg_id 3, :type "echo_ok"}
2023-02-26 15:37:20,807{GMT}	INFO	[jepsen worker 0] jepsen.util: 0	:invoke	:echo	"Please echo 16"
2023-02-26 15:37:20,809{GMT}	INFO	[jepsen worker 0] jepsen.util: 0	:ok	:echo	{:echo "Please echo 16", :in_reply_to 4, :msg_id 4, :type "echo_ok"}
2023-02-26 15:37:20,857{GMT}	INFO	[jepsen worker 0] jepsen.util: 0	:invoke	:echo	"Please echo 63"
2023-02-26 15:37:20,859{GMT}	INFO	[jepsen worker 0] jepsen.util: 0	:ok	:echo	{:echo "Please echo 63", :in_reply_to 5, :msg_id 5, :type "echo_ok"}
2023-02-26 15:37:21,172{GMT}	INFO	[jepsen worker 0] jepsen.util: 0	:invoke	:echo	"Please echo 38"
2023-02-26 15:37:21,174{GMT}	INFO	[jepsen worker 0] jepsen.util: 0	:ok	:echo	{:echo "Please echo 38", :in_reply_to 6, :msg_id 6, :type "echo_ok"}
2023-02-26 15:37:21,535{GMT}	INFO	[jepsen worker 0] jepsen.util: 0	:invoke	:echo	"Please echo 21"
2023-02-26 15:37:21,538{GMT}	INFO	[jepsen worker 0] jepsen.util: 0	:ok	:echo	{:echo "Please echo 21", :in_reply_to 7, :msg_id 7, :type "echo_ok"}
2023-02-26 15:37:21,576{GMT}	INFO	[jepsen worker 0] jepsen.util: 0	:invoke	:echo	"Please echo 65"
2023-02-26 15:37:21,578{GMT}	INFO	[jepsen worker 0] jepsen.util: 0	:ok	:echo	{:echo "Please echo 65", :in_reply_to 8, :msg_id 8, :type "echo_ok"}
2023-02-26 15:37:21,598{GMT}	INFO	[jepsen worker 0] jepsen.util: 0	:invoke	:echo	"Please echo 108"
2023-02-26 15:37:21,601{GMT}	INFO	[jepsen worker 0] jepsen.util: 0	:ok	:echo	{:echo "Please echo 108", :in_reply_to 9, :msg_id 9, :type "echo_ok"}
2023-02-26 15:37:21,861{GMT}	INFO	[jepsen worker 0] jepsen.util: 0	:invoke	:echo	"Please echo 22"
2023-02-26 15:37:21,863{GMT}	INFO	[jepsen worker 0] jepsen.util: 0	:ok	:echo	{:echo "Please echo 22", :in_reply_to 10, :msg_id 10, :type "echo_ok"}
2023-02-26 15:37:22,080{GMT}	INFO	[jepsen worker 0] jepsen.util: 0	:invoke	:echo	"Please echo 86"
2023-02-26 15:37:22,083{GMT}	INFO	[jepsen worker 0] jepsen.util: 0	:ok	:echo	{:echo "Please echo 86", :in_reply_to 11, :msg_id 11, :type "echo_ok"}
2023-02-26 15:37:22,185{GMT}	INFO	[jepsen worker 0] jepsen.util: 0	:invoke	:echo	"Please echo 106"
2023-02-26 15:37:22,187{GMT}	INFO	[jepsen worker 0] jepsen.util: 0	:ok	:echo	{:echo "Please echo 106", :in_reply_to 12, :msg_id 12, :type "echo_ok"}
2023-02-26 15:37:22,561{GMT}	INFO	[jepsen worker 0] jepsen.util: 0	:invoke	:echo	"Please echo 66"
2023-02-26 15:37:22,564{GMT}	INFO	[jepsen worker 0] jepsen.util: 0	:ok	:echo	{:echo "Please echo 66", :in_reply_to 13, :msg_id 13, :type "echo_ok"}
2023-02-26 15:37:22,855{GMT}	INFO	[jepsen worker 0] jepsen.util: 0	:invoke	:echo	"Please echo 121"
2023-02-26 15:37:22,858{GMT}	INFO	[jepsen worker 0] jepsen.util: 0	:ok	:echo	{:echo "Please echo 121", :in_reply_to 14, :msg_id 14, :type "echo_ok"}
2023-02-26 15:37:23,192{GMT}	INFO	[jepsen worker 0] jepsen.util: 0	:invoke	:echo	"Please echo 91"
2023-02-26 15:37:23,195{GMT}	INFO	[jepsen worker 0] jepsen.util: 0	:ok	:echo	{:echo "Please echo 91", :in_reply_to 15, :msg_id 15, :type "echo_ok"}
2023-02-26 15:37:23,349{GMT}	INFO	[jepsen worker 0] jepsen.util: 0	:invoke	:echo	"Please echo 76"
2023-02-26 15:37:23,350{GMT}	INFO	[jepsen worker 0] jepsen.util: 0	:ok	:echo	{:echo "Please echo 76", :in_reply_to 16, :msg_id 16, :type "echo_ok"}
2023-02-26 15:37:23,573{GMT}	INFO	[jepsen worker 0] jepsen.util: 0	:invoke	:echo	"Please echo 107"
2023-02-26 15:37:23,575{GMT}	INFO	[jepsen worker 0] jepsen.util: 0	:ok	:echo	{:echo "Please echo 107", :in_reply_to 17, :msg_id 17, :type "echo_ok"}
2023-02-26 15:37:23,670{GMT}	INFO	[jepsen worker 0] jepsen.util: 0	:invoke	:echo	"Please echo 25"
2023-02-26 15:37:23,672{GMT}	INFO	[jepsen worker 0] jepsen.util: 0	:ok	:echo	{:echo "Please echo 25", :in_reply_to 18, :msg_id 18, :type "echo_ok"}
2023-02-26 15:37:23,830{GMT}	INFO	[jepsen worker 0] jepsen.util: 0	:invoke	:echo	"Please echo 111"
2023-02-26 15:37:23,832{GMT}	INFO	[jepsen worker 0] jepsen.util: 0	:ok	:echo	{:echo "Please echo 111", :in_reply_to 19, :msg_id 19, :type "echo_ok"}
2023-02-26 15:37:24,131{GMT}	INFO	[jepsen worker 0] jepsen.util: 0	:invoke	:echo	"Please echo 83"
2023-02-26 15:37:24,134{GMT}	INFO	[jepsen worker 0] jepsen.util: 0	:ok	:echo	{:echo "Please echo 83", :in_reply_to 20, :msg_id 20, :type "echo_ok"}
2023-02-26 15:37:24,454{GMT}	INFO	[jepsen worker 0] jepsen.util: 0	:invoke	:echo	"Please echo 88"
2023-02-26 15:37:24,457{GMT}	INFO	[jepsen worker 0] jepsen.util: 0	:ok	:echo	{:echo "Please echo 88", :in_reply_to 21, :msg_id 21, :type "echo_ok"}
2023-02-26 15:37:24,656{GMT}	INFO	[jepsen worker 0] jepsen.util: 0	:invoke	:echo	"Please echo 123"
2023-02-26 15:37:24,657{GMT}	INFO	[jepsen worker 0] jepsen.util: 0	:ok	:echo	{:echo "Please echo 123", :in_reply_to 22, :msg_id 22, :type "echo_ok"}
2023-02-26 15:37:24,999{GMT}	INFO	[jepsen worker 0] jepsen.util: 0	:invoke	:echo	"Please echo 52"
2023-02-26 15:37:25,002{GMT}	INFO	[jepsen worker 0] jepsen.util: 0	:ok	:echo	{:echo "Please echo 52", :in_reply_to 23, :msg_id 23, :type "echo_ok"}
2023-02-26 15:37:25,233{GMT}	INFO	[jepsen worker 0] jepsen.util: 0	:invoke	:echo	"Please echo 109"
2023-02-26 15:37:25,236{GMT}	INFO	[jepsen worker 0] jepsen.util: 0	:ok	:echo	{:echo "Please echo 109", :in_reply_to 24, :msg_id 24, :type "echo_ok"}
2023-02-26 15:37:25,381{GMT}	INFO	[jepsen worker 0] jepsen.util: 0	:invoke	:echo	"Please echo 104"
2023-02-26 15:37:25,383{GMT}	INFO	[jepsen worker 0] jepsen.util: 0	:ok	:echo	{:echo "Please echo 104", :in_reply_to 25, :msg_id 25, :type "echo_ok"}
2023-02-26 15:37:25,747{GMT}	INFO	[jepsen worker 0] jepsen.util: 0	:invoke	:echo	"Please echo 100"
2023-02-26 15:37:25,750{GMT}	INFO	[jepsen worker 0] jepsen.util: 0	:ok	:echo	{:echo "Please echo 100", :in_reply_to 26, :msg_id 26, :type "echo_ok"}
2023-02-26 15:37:25,952{GMT}	INFO	[jepsen worker 0] jepsen.util: 0	:invoke	:echo	"Please echo 89"
2023-02-26 15:37:25,954{GMT}	INFO	[jepsen worker 0] jepsen.util: 0	:ok	:echo	{:echo "Please echo 89", :in_reply_to 27, :msg_id 27, :type "echo_ok"}
2023-02-26 15:37:26,152{GMT}	INFO	[jepsen worker 0] jepsen.util: 0	:invoke	:echo	"Please echo 88"
2023-02-26 15:37:26,154{GMT}	INFO	[jepsen worker 0] jepsen.util: 0	:ok	:echo	{:echo "Please echo 88", :in_reply_to 28, :msg_id 28, :type "echo_ok"}
2023-02-26 15:37:26,423{GMT}	INFO	[jepsen worker 0] jepsen.util: 0	:invoke	:echo	"Please echo 38"
2023-02-26 15:37:26,425{GMT}	INFO	[jepsen worker 0] jepsen.util: 0	:ok	:echo	{:echo "Please echo 38", :in_reply_to 29, :msg_id 29, :type "echo_ok"}
2023-02-26 15:37:26,551{GMT}	INFO	[jepsen worker 0] jepsen.util: 0	:invoke	:echo	"Please echo 30"
2023-02-26 15:37:26,552{GMT}	INFO	[jepsen worker 0] jepsen.util: 0	:ok	:echo	{:echo "Please echo 30", :in_reply_to 30, :msg_id 30, :type "echo_ok"}
2023-02-26 15:37:26,627{GMT}	INFO	[jepsen worker 0] jepsen.util: 0	:invoke	:echo	"Please echo 24"
2023-02-26 15:37:26,629{GMT}	INFO	[jepsen worker 0] jepsen.util: 0	:ok	:echo	{:echo "Please echo 24", :in_reply_to 31, :msg_id 31, :type "echo_ok"}
2023-02-26 15:37:26,716{GMT}	INFO	[jepsen worker 0] jepsen.util: 0	:invoke	:echo	"Please echo 19"
2023-02-26 15:37:26,719{GMT}	INFO	[jepsen worker 0] jepsen.util: 0	:ok	:echo	{:echo "Please echo 19", :in_reply_to 32, :msg_id 32, :type "echo_ok"}
2023-02-26 15:37:26,946{GMT}	INFO	[jepsen worker 0] jepsen.util: 0	:invoke	:echo	"Please echo 13"
2023-02-26 15:37:26,949{GMT}	INFO	[jepsen worker 0] jepsen.util: 0	:ok	:echo	{:echo "Please echo 13", :in_reply_to 33, :msg_id 33, :type "echo_ok"}
2023-02-26 15:37:27,086{GMT}	INFO	[jepsen worker 0] jepsen.util: 0	:invoke	:echo	"Please echo 50"
2023-02-26 15:37:27,088{GMT}	INFO	[jepsen worker 0] jepsen.util: 0	:ok	:echo	{:echo "Please echo 50", :in_reply_to 34, :msg_id 34, :type "echo_ok"}
2023-02-26 15:37:27,456{GMT}	INFO	[jepsen worker 0] jepsen.util: 0	:invoke	:echo	"Please echo 2"
2023-02-26 15:37:27,458{GMT}	INFO	[jepsen worker 0] jepsen.util: 0	:ok	:echo	{:echo "Please echo 2", :in_reply_to 35, :msg_id 35, :type "echo_ok"}
2023-02-26 15:37:27,630{GMT}	INFO	[jepsen worker 0] jepsen.util: 0	:invoke	:echo	"Please echo 21"
2023-02-26 15:37:27,633{GMT}	INFO	[jepsen worker 0] jepsen.util: 0	:ok	:echo	{:echo "Please echo 21", :in_reply_to 36, :msg_id 36, :type "echo_ok"}
2023-02-26 15:37:27,814{GMT}	INFO	[jepsen worker 0] jepsen.util: 0	:invoke	:echo	"Please echo 90"
2023-02-26 15:37:27,816{GMT}	INFO	[jepsen worker 0] jepsen.util: 0	:ok	:echo	{:echo "Please echo 90", :in_reply_to 37, :msg_id 37, :type "echo_ok"}
2023-02-26 15:37:28,008{GMT}	INFO	[jepsen worker 0] jepsen.util: 0	:invoke	:echo	"Please echo 104"
2023-02-26 15:37:28,010{GMT}	INFO	[jepsen worker 0] jepsen.util: 0	:ok	:echo	{:echo "Please echo 104", :in_reply_to 38, :msg_id 38, :type "echo_ok"}
2023-02-26 15:37:28,115{GMT}	INFO	[jepsen worker 0] jepsen.util: 0	:invoke	:echo	"Please echo 35"
2023-02-26 15:37:28,117{GMT}	INFO	[jepsen worker 0] jepsen.util: 0	:ok	:echo	{:echo "Please echo 35", :in_reply_to 39, :msg_id 39, :type "echo_ok"}
2023-02-26 15:37:28,356{GMT}	INFO	[jepsen worker 0] jepsen.util: 0	:invoke	:echo	"Please echo 76"
2023-02-26 15:37:28,358{GMT}	INFO	[jepsen worker 0] jepsen.util: 0	:ok	:echo	{:echo "Please echo 76", :in_reply_to 40, :msg_id 40, :type "echo_ok"}
2023-02-26 15:37:28,698{GMT}	INFO	[jepsen worker 0] jepsen.util: 0	:invoke	:echo	"Please echo 19"
2023-02-26 15:37:28,700{GMT}	INFO	[jepsen worker 0] jepsen.util: 0	:ok	:echo	{:echo "Please echo 19", :in_reply_to 41, :msg_id 41, :type "echo_ok"}
2023-02-26 15:37:29,057{GMT}	INFO	[jepsen worker 0] jepsen.util: 0	:invoke	:echo	"Please echo 123"
2023-02-26 15:37:29,059{GMT}	INFO	[jepsen worker 0] jepsen.util: 0	:ok	:echo	{:echo "Please echo 123", :in_reply_to 42, :msg_id 42, :type "echo_ok"}
2023-02-26 15:37:29,234{GMT}	INFO	[jepsen worker 0] jepsen.util: 0	:invoke	:echo	"Please echo 65"
2023-02-26 15:37:29,236{GMT}	INFO	[jepsen worker 0] jepsen.util: 0	:ok	:echo	{:echo "Please echo 65", :in_reply_to 43, :msg_id 43, :type "echo_ok"}
2023-02-26 15:37:29,602{GMT}	INFO	[jepsen worker 0] jepsen.util: 0	:invoke	:echo	"Please echo 84"
2023-02-26 15:37:29,605{GMT}	INFO	[jepsen worker 0] jepsen.util: 0	:ok	:echo	{:echo "Please echo 84", :in_reply_to 44, :msg_id 44, :type "echo_ok"}
2023-02-26 15:37:29,858{GMT}	INFO	[jepsen worker 0] jepsen.util: 0	:invoke	:echo	"Please echo 20"
2023-02-26 15:37:29,861{GMT}	INFO	[jepsen worker 0] jepsen.util: 0	:ok	:echo	{:echo "Please echo 20", :in_reply_to 45, :msg_id 45, :type "echo_ok"}
2023-02-26 15:37:30,023{GMT}	INFO	[jepsen worker 0] jepsen.util: 0	:invoke	:echo	"Please echo 27"
2023-02-26 15:37:30,025{GMT}	INFO	[jepsen worker 0] jepsen.util: 0	:ok	:echo	{:echo "Please echo 27", :in_reply_to 46, :msg_id 46, :type "echo_ok"}
2023-02-26 15:37:30,244{GMT}	INFO	[jepsen worker 0] jepsen.util: 0	:invoke	:echo	"Please echo 7"
2023-02-26 15:37:30,246{GMT}	INFO	[jepsen worker 0] jepsen.util: 0	:ok	:echo	{:echo "Please echo 7", :in_reply_to 47, :msg_id 47, :type "echo_ok"}
2023-02-26 15:37:30,277{GMT}	INFO	[jepsen test runner] jepsen.core: Run complete, writing
2023-02-26 15:37:30,316{GMT}	INFO	[jepsen node n0] maelstrom.db: Tearing down n0
2023-02-26 15:37:31,398{GMT}	INFO	[jepsen node n0] maelstrom.net: Shutting down Maelstrom network
2023-02-26 15:37:31,399{GMT}	INFO	[jepsen test runner] jepsen.core: Analyzing...
2023-02-26 15:37:31,584{GMT}	INFO	[jepsen test runner] jepsen.core: Analysis complete
2023-02-26 15:37:31,596{GMT}	INFO	[jepsen results] jepsen.store: Wrote /home/ambareen/Ambareen-Personal/Personal-projects/gossip-glomers/maelstrom/store/echo/20230226T153718.174+0530/results.edn
2023-02-26 15:37:31,610{GMT}	INFO	[jepsen test runner] jepsen.core: {:perf {:latency-graph {:valid? true},
        :rate-graph {:valid? true},
        :valid? true},
 :timeline {:valid? true},
 :exceptions {:valid? true},
 :stats {:valid? true,
         :count 47,
         :ok-count 47,
         :fail-count 0,
         :info-count 0,
         :by-f {:echo {:valid? true,
                       :count 47,
                       :ok-count 47,
                       :fail-count 0,
                       :info-count 0}}},
 :availability {:valid? true, :ok-fraction 1.0},
 :net {:all {:send-count 96,
             :recv-count 96,
             :msg-count 96,
             :msgs-per-op 2.0425532},
       :clients {:send-count 96, :recv-count 96, :msg-count 96},
       :servers {:send-count 0,
                 :recv-count 0,
                 :msg-count 0,
                 :msgs-per-op 0.0},
       :valid? true},
 :workload {:valid? true, :errors ()},
 :valid? true}


Everything looks good! ヽ(‘ー`)ノ
