2023-02-25 19:42:10,660{GMT}	INFO	[jepsen test runner] jepsen.core: Command line:
lein run test -w echo --bin /home/ambareen/go/bin/maelstrom-echo --node-count 1 --time-limit 10
2023-02-25 19:42:10,717{GMT}	INFO	[jepsen test runner] jepsen.core: Running test:
{:args []
 :remote
 #jepsen.control.retry.Remote{:remote #jepsen.control.scp.Remote{:cmd-remote #jepsen.control.sshj.SSHJRemote{:concurrency-limit 6,
                                                                                                             :conn-spec nil,
                                                                                                             :client nil,
                                                                                                             :semaphore nil},
                                                                 :conn-spec nil},
                              :conn nil}
 :log-net-send false
 :node-count 1
 :availability nil
 :max-txn-length 4
 :concurrency 1
 :db
 #object[maelstrom.db$db$reify__16142
         "0x704c3ca2"
         "maelstrom.db$db$reify__16142@704c3ca2"]
 :max-writes-per-key 16
 :leave-db-running? false
 :name "echo"
 :logging-json? false
 :start-time
 #object[org.joda.time.DateTime "0x196c8b93" "2023-02-25T19:42:10.645+05:30"]
 :nemesis-interval 10
 :net
 #object[maelstrom.net$jepsen_net$reify__15251
         "0x307ca947"
         "maelstrom.net$jepsen_net$reify__15251@307ca947"]
 :client
 #object[maelstrom.workload.echo$client$reify__16863
         "0x61d1315b"
         "maelstrom.workload.echo$client$reify__16863@61d1315b"]
 :barrier
 #object[java.util.concurrent.CyclicBarrier
         "0x49d5b651"
         "java.util.concurrent.CyclicBarrier@49d5b651"]
 :log-stderr false
 :pure-generators true
 :ssh {:dummy? true}
 :rate 5
 :checker
 #object[jepsen.checker$compose$reify__11881
         "0x34989ceb"
         "jepsen.checker$compose$reify__11881@34989ceb"]
 :argv
 ("test"
  "-w"
  "echo"
  "--bin"
  "/home/ambareen/go/bin/maelstrom-echo"
  "--node-count"
  "1"
  "--time-limit"
  "10")
 :nemesis
 (jepsen.nemesis.ReflCompose
  {:fm {:start-partition 0,
        :stop-partition 0,
        :kill 1,
        :start 1,
        :pause 1,
        :resume 1},
   :nemeses [#unprintable "jepsen.nemesis.combined$partition_nemesis$reify__16416@61fb3dae"
             #unprintable "jepsen.nemesis.combined$db_nemesis$reify__16397@9c88323"]})
 :nodes ["n0"]
 :test-count 1
 :latency {:mean 0, :dist :constant}
 :bin "/home/ambareen/go/bin/maelstrom-echo"
 :generator
 (jepsen.generator.TimeLimit
  {:limit 10000000000,
   :cutoff nil,
   :gen (jepsen.generator.Any
         {:gens [(jepsen.generator.OnThreads
                  {:f #{:nemesis},
                   :context-filter #object[jepsen.generator.context$make_thread_filter$lazy_filter__9167
                                           "0x50a1c2f3"
                                           "jepsen.generator.context$make_thread_filter$lazy_filter__9167@50a1c2f3"],
                   :gen nil})
                 (jepsen.generator.OnThreads
                  {:f #jepsen.generator.context.AllBut{:element :nemesis},
                   :context-filter #object[jepsen.generator.context$make_thread_filter$lazy_filter__9167
                                           "0x453ca7f"
                                           "jepsen.generator.context$make_thread_filter$lazy_filter__9167@453ca7f"],
                   :gen (jepsen.generator.Stagger
                         {:dt 400000000,
                          :next-time nil,
                          :gen (jepsen.generator.EachThread
                                {:fresh-gen #object[maelstrom.workload.echo$workload$fn__16882
                                                    "0x5d41b929"
                                                    "maelstrom.workload.echo$workload$fn__16882@5d41b929"],
                                 :context-filters #object[clojure.core$promise$reify__8591
                                                          "0x6dd0e2f4"
                                                          {:status :pending,
                                                           :val nil}],
                                 :gens {}})})})]})})
 :log-net-recv false
 :os
 #object[maelstrom.net$jepsen_os$reify__15254
         "0x333813e7"
         "maelstrom.net$jepsen_os$reify__15254@333813e7"]
 :time-limit 10
 :workload :echo
 :consistency-models [:strict-serializable]
 :topology :grid}

2023-02-25 19:42:12,596{GMT}	INFO	[jepsen node n0] maelstrom.net: Starting Maelstrom network
2023-02-25 19:42:12,597{GMT}	INFO	[jepsen test runner] jepsen.db: Tearing down DB
2023-02-25 19:42:12,599{GMT}	INFO	[jepsen test runner] jepsen.db: Setting up DB
2023-02-25 19:42:12,601{GMT}	INFO	[jepsen node n0] maelstrom.service: Starting services: (lin-kv lin-tso lww-kv seq-kv)
2023-02-25 19:42:12,603{GMT}	INFO	[jepsen node n0] maelstrom.db: Setting up n0
2023-02-25 19:42:12,603{GMT}	INFO	[jepsen node n0] maelstrom.process: launching /home/ambareen/go/bin/maelstrom-echo []
2023-02-25 19:42:12,622{GMT}	INFO	[jepsen test runner] jepsen.core: Relative time begins now
2023-02-25 19:42:12,635{GMT}	INFO	[jepsen worker 0] jepsen.util: 0	:invoke	:echo	"Please echo 118"
2023-02-25 19:42:12,640{GMT}	INFO	[jepsen worker 0] jepsen.util: 0	:ok	:echo	{:echo "Please echo 118", :in_reply_to 1, :msg_id 1, :type "echo_ok"}
2023-02-25 19:42:12,693{GMT}	INFO	[jepsen worker 0] jepsen.util: 0	:invoke	:echo	"Please echo 7"
2023-02-25 19:42:12,694{GMT}	INFO	[jepsen worker 0] jepsen.util: 0	:ok	:echo	{:echo "Please echo 7", :in_reply_to 2, :msg_id 2, :type "echo_ok"}
2023-02-25 19:42:12,809{GMT}	INFO	[jepsen worker 0] jepsen.util: 0	:invoke	:echo	"Please echo 13"
2023-02-25 19:42:12,810{GMT}	INFO	[jepsen worker 0] jepsen.util: 0	:ok	:echo	{:echo "Please echo 13", :in_reply_to 3, :msg_id 3, :type "echo_ok"}
2023-02-25 19:42:13,044{GMT}	INFO	[jepsen worker 0] jepsen.util: 0	:invoke	:echo	"Please echo 103"
2023-02-25 19:42:13,047{GMT}	INFO	[jepsen worker 0] jepsen.util: 0	:ok	:echo	{:echo "Please echo 103", :in_reply_to 4, :msg_id 4, :type "echo_ok"}
2023-02-25 19:42:13,135{GMT}	INFO	[jepsen worker 0] jepsen.util: 0	:invoke	:echo	"Please echo 86"
2023-02-25 19:42:13,136{GMT}	INFO	[jepsen worker 0] jepsen.util: 0	:ok	:echo	{:echo "Please echo 86", :in_reply_to 5, :msg_id 5, :type "echo_ok"}
2023-02-25 19:42:13,247{GMT}	INFO	[jepsen worker 0] jepsen.util: 0	:invoke	:echo	"Please echo 97"
2023-02-25 19:42:13,248{GMT}	INFO	[jepsen worker 0] jepsen.util: 0	:ok	:echo	{:echo "Please echo 97", :in_reply_to 6, :msg_id 6, :type "echo_ok"}
2023-02-25 19:42:13,636{GMT}	INFO	[jepsen worker 0] jepsen.util: 0	:invoke	:echo	"Please echo 55"
2023-02-25 19:42:13,638{GMT}	INFO	[jepsen worker 0] jepsen.util: 0	:ok	:echo	{:echo "Please echo 55", :in_reply_to 7, :msg_id 7, :type "echo_ok"}
2023-02-25 19:42:13,745{GMT}	INFO	[jepsen worker 0] jepsen.util: 0	:invoke	:echo	"Please echo 37"
2023-02-25 19:42:13,747{GMT}	INFO	[jepsen worker 0] jepsen.util: 0	:ok	:echo	{:echo "Please echo 37", :in_reply_to 8, :msg_id 8, :type "echo_ok"}
2023-02-25 19:42:14,071{GMT}	INFO	[jepsen worker 0] jepsen.util: 0	:invoke	:echo	"Please echo 12"
2023-02-25 19:42:14,074{GMT}	INFO	[jepsen worker 0] jepsen.util: 0	:ok	:echo	{:echo "Please echo 12", :in_reply_to 9, :msg_id 9, :type "echo_ok"}
2023-02-25 19:42:14,468{GMT}	INFO	[jepsen worker 0] jepsen.util: 0	:invoke	:echo	"Please echo 38"
2023-02-25 19:42:14,471{GMT}	INFO	[jepsen worker 0] jepsen.util: 0	:ok	:echo	{:echo "Please echo 38", :in_reply_to 10, :msg_id 10, :type "echo_ok"}
2023-02-25 19:42:14,606{GMT}	INFO	[jepsen worker 0] jepsen.util: 0	:invoke	:echo	"Please echo 92"
2023-02-25 19:42:14,607{GMT}	INFO	[jepsen worker 0] jepsen.util: 0	:ok	:echo	{:echo "Please echo 92", :in_reply_to 11, :msg_id 11, :type "echo_ok"}
2023-02-25 19:42:14,627{GMT}	INFO	[jepsen worker 0] jepsen.util: 0	:invoke	:echo	"Please echo 111"
2023-02-25 19:42:14,629{GMT}	INFO	[jepsen worker 0] jepsen.util: 0	:ok	:echo	{:echo "Please echo 111", :in_reply_to 12, :msg_id 12, :type "echo_ok"}
2023-02-25 19:42:14,795{GMT}	INFO	[jepsen worker 0] jepsen.util: 0	:invoke	:echo	"Please echo 28"
2023-02-25 19:42:14,798{GMT}	INFO	[jepsen worker 0] jepsen.util: 0	:ok	:echo	{:echo "Please echo 28", :in_reply_to 13, :msg_id 13, :type "echo_ok"}
2023-02-25 19:42:14,968{GMT}	INFO	[jepsen worker 0] jepsen.util: 0	:invoke	:echo	"Please echo 34"
2023-02-25 19:42:14,971{GMT}	INFO	[jepsen worker 0] jepsen.util: 0	:ok	:echo	{:echo "Please echo 34", :in_reply_to 14, :msg_id 14, :type "echo_ok"}
2023-02-25 19:42:15,045{GMT}	INFO	[jepsen worker 0] jepsen.util: 0	:invoke	:echo	"Please echo 4"
2023-02-25 19:42:15,046{GMT}	INFO	[jepsen worker 0] jepsen.util: 0	:ok	:echo	{:echo "Please echo 4", :in_reply_to 15, :msg_id 15, :type "echo_ok"}
2023-02-25 19:42:15,444{GMT}	INFO	[jepsen worker 0] jepsen.util: 0	:invoke	:echo	"Please echo 120"
2023-02-25 19:42:15,446{GMT}	INFO	[jepsen worker 0] jepsen.util: 0	:ok	:echo	{:echo "Please echo 120", :in_reply_to 16, :msg_id 16, :type "echo_ok"}
2023-02-25 19:42:15,696{GMT}	INFO	[jepsen worker 0] jepsen.util: 0	:invoke	:echo	"Please echo 16"
2023-02-25 19:42:15,699{GMT}	INFO	[jepsen worker 0] jepsen.util: 0	:ok	:echo	{:echo "Please echo 16", :in_reply_to 17, :msg_id 17, :type "echo_ok"}
2023-02-25 19:42:15,845{GMT}	INFO	[jepsen worker 0] jepsen.util: 0	:invoke	:echo	"Please echo 25"
2023-02-25 19:42:15,848{GMT}	INFO	[jepsen worker 0] jepsen.util: 0	:ok	:echo	{:echo "Please echo 25", :in_reply_to 18, :msg_id 18, :type "echo_ok"}
2023-02-25 19:42:15,921{GMT}	INFO	[jepsen worker 0] jepsen.util: 0	:invoke	:echo	"Please echo 54"
2023-02-25 19:42:15,922{GMT}	INFO	[jepsen worker 0] jepsen.util: 0	:ok	:echo	{:echo "Please echo 54", :in_reply_to 19, :msg_id 19, :type "echo_ok"}
2023-02-25 19:42:16,029{GMT}	INFO	[jepsen worker 0] jepsen.util: 0	:invoke	:echo	"Please echo 17"
2023-02-25 19:42:16,030{GMT}	INFO	[jepsen worker 0] jepsen.util: 0	:ok	:echo	{:echo "Please echo 17", :in_reply_to 20, :msg_id 20, :type "echo_ok"}
2023-02-25 19:42:16,415{GMT}	INFO	[jepsen worker 0] jepsen.util: 0	:invoke	:echo	"Please echo 44"
2023-02-25 19:42:16,417{GMT}	INFO	[jepsen worker 0] jepsen.util: 0	:ok	:echo	{:echo "Please echo 44", :in_reply_to 21, :msg_id 21, :type "echo_ok"}
2023-02-25 19:42:16,575{GMT}	INFO	[jepsen worker 0] jepsen.util: 0	:invoke	:echo	"Please echo 24"
2023-02-25 19:42:16,576{GMT}	INFO	[jepsen worker 0] jepsen.util: 0	:ok	:echo	{:echo "Please echo 24", :in_reply_to 22, :msg_id 22, :type "echo_ok"}
2023-02-25 19:42:16,653{GMT}	INFO	[jepsen worker 0] jepsen.util: 0	:invoke	:echo	"Please echo 100"
2023-02-25 19:42:16,654{GMT}	INFO	[jepsen worker 0] jepsen.util: 0	:ok	:echo	{:echo "Please echo 100", :in_reply_to 23, :msg_id 23, :type "echo_ok"}
2023-02-25 19:42:16,913{GMT}	INFO	[jepsen worker 0] jepsen.util: 0	:invoke	:echo	"Please echo 33"
2023-02-25 19:42:16,916{GMT}	INFO	[jepsen worker 0] jepsen.util: 0	:ok	:echo	{:echo "Please echo 33", :in_reply_to 24, :msg_id 24, :type "echo_ok"}
2023-02-25 19:42:17,185{GMT}	INFO	[jepsen worker 0] jepsen.util: 0	:invoke	:echo	"Please echo 22"
2023-02-25 19:42:17,187{GMT}	INFO	[jepsen worker 0] jepsen.util: 0	:ok	:echo	{:echo "Please echo 22", :in_reply_to 25, :msg_id 25, :type "echo_ok"}
2023-02-25 19:42:17,284{GMT}	INFO	[jepsen worker 0] jepsen.util: 0	:invoke	:echo	"Please echo 100"
2023-02-25 19:42:17,285{GMT}	INFO	[jepsen worker 0] jepsen.util: 0	:ok	:echo	{:echo "Please echo 100", :in_reply_to 26, :msg_id 26, :type "echo_ok"}
2023-02-25 19:42:17,458{GMT}	INFO	[jepsen worker 0] jepsen.util: 0	:invoke	:echo	"Please echo 72"
2023-02-25 19:42:17,459{GMT}	INFO	[jepsen worker 0] jepsen.util: 0	:ok	:echo	{:echo "Please echo 72", :in_reply_to 27, :msg_id 27, :type "echo_ok"}
2023-02-25 19:42:17,635{GMT}	INFO	[jepsen worker 0] jepsen.util: 0	:invoke	:echo	"Please echo 46"
2023-02-25 19:42:17,638{GMT}	INFO	[jepsen worker 0] jepsen.util: 0	:ok	:echo	{:echo "Please echo 46", :in_reply_to 28, :msg_id 28, :type "echo_ok"}
2023-02-25 19:42:18,004{GMT}	INFO	[jepsen worker 0] jepsen.util: 0	:invoke	:echo	"Please echo 100"
2023-02-25 19:42:18,006{GMT}	INFO	[jepsen worker 0] jepsen.util: 0	:ok	:echo	{:echo "Please echo 100", :in_reply_to 29, :msg_id 29, :type "echo_ok"}
2023-02-25 19:42:18,172{GMT}	INFO	[jepsen worker 0] jepsen.util: 0	:invoke	:echo	"Please echo 109"
2023-02-25 19:42:18,175{GMT}	INFO	[jepsen worker 0] jepsen.util: 0	:ok	:echo	{:echo "Please echo 109", :in_reply_to 30, :msg_id 30, :type "echo_ok"}
2023-02-25 19:42:18,549{GMT}	INFO	[jepsen worker 0] jepsen.util: 0	:invoke	:echo	"Please echo 53"
2023-02-25 19:42:18,552{GMT}	INFO	[jepsen worker 0] jepsen.util: 0	:ok	:echo	{:echo "Please echo 53", :in_reply_to 31, :msg_id 31, :type "echo_ok"}
2023-02-25 19:42:18,630{GMT}	INFO	[jepsen worker 0] jepsen.util: 0	:invoke	:echo	"Please echo 71"
2023-02-25 19:42:18,631{GMT}	INFO	[jepsen worker 0] jepsen.util: 0	:ok	:echo	{:echo "Please echo 71", :in_reply_to 32, :msg_id 32, :type "echo_ok"}
2023-02-25 19:42:18,872{GMT}	INFO	[jepsen worker 0] jepsen.util: 0	:invoke	:echo	"Please echo 68"
2023-02-25 19:42:18,874{GMT}	INFO	[jepsen worker 0] jepsen.util: 0	:ok	:echo	{:echo "Please echo 68", :in_reply_to 33, :msg_id 33, :type "echo_ok"}
2023-02-25 19:42:19,131{GMT}	INFO	[jepsen worker 0] jepsen.util: 0	:invoke	:echo	"Please echo 21"
2023-02-25 19:42:19,134{GMT}	INFO	[jepsen worker 0] jepsen.util: 0	:ok	:echo	{:echo "Please echo 21", :in_reply_to 34, :msg_id 34, :type "echo_ok"}
2023-02-25 19:42:19,436{GMT}	INFO	[jepsen worker 0] jepsen.util: 0	:invoke	:echo	"Please echo 30"
2023-02-25 19:42:19,439{GMT}	INFO	[jepsen worker 0] jepsen.util: 0	:ok	:echo	{:echo "Please echo 30", :in_reply_to 35, :msg_id 35, :type "echo_ok"}
2023-02-25 19:42:19,777{GMT}	INFO	[jepsen worker 0] jepsen.util: 0	:invoke	:echo	"Please echo 81"
2023-02-25 19:42:19,780{GMT}	INFO	[jepsen worker 0] jepsen.util: 0	:ok	:echo	{:echo "Please echo 81", :in_reply_to 36, :msg_id 36, :type "echo_ok"}
2023-02-25 19:42:20,036{GMT}	INFO	[jepsen worker 0] jepsen.util: 0	:invoke	:echo	"Please echo 117"
2023-02-25 19:42:20,038{GMT}	INFO	[jepsen worker 0] jepsen.util: 0	:ok	:echo	{:echo "Please echo 117", :in_reply_to 37, :msg_id 37, :type "echo_ok"}
2023-02-25 19:42:20,386{GMT}	INFO	[jepsen worker 0] jepsen.util: 0	:invoke	:echo	"Please echo 98"
2023-02-25 19:42:20,388{GMT}	INFO	[jepsen worker 0] jepsen.util: 0	:ok	:echo	{:echo "Please echo 98", :in_reply_to 38, :msg_id 38, :type "echo_ok"}
2023-02-25 19:42:20,687{GMT}	INFO	[jepsen worker 0] jepsen.util: 0	:invoke	:echo	"Please echo 23"
2023-02-25 19:42:20,689{GMT}	INFO	[jepsen worker 0] jepsen.util: 0	:ok	:echo	{:echo "Please echo 23", :in_reply_to 39, :msg_id 39, :type "echo_ok"}
2023-02-25 19:42:20,696{GMT}	INFO	[jepsen worker 0] jepsen.util: 0	:invoke	:echo	"Please echo 71"
2023-02-25 19:42:20,698{GMT}	INFO	[jepsen worker 0] jepsen.util: 0	:ok	:echo	{:echo "Please echo 71", :in_reply_to 40, :msg_id 40, :type "echo_ok"}
2023-02-25 19:42:20,915{GMT}	INFO	[jepsen worker 0] jepsen.util: 0	:invoke	:echo	"Please echo 104"
2023-02-25 19:42:20,917{GMT}	INFO	[jepsen worker 0] jepsen.util: 0	:ok	:echo	{:echo "Please echo 104", :in_reply_to 41, :msg_id 41, :type "echo_ok"}
2023-02-25 19:42:21,217{GMT}	INFO	[jepsen worker 0] jepsen.util: 0	:invoke	:echo	"Please echo 67"
2023-02-25 19:42:21,219{GMT}	INFO	[jepsen worker 0] jepsen.util: 0	:ok	:echo	{:echo "Please echo 67", :in_reply_to 42, :msg_id 42, :type "echo_ok"}
2023-02-25 19:42:21,603{GMT}	INFO	[jepsen worker 0] jepsen.util: 0	:invoke	:echo	"Please echo 73"
2023-02-25 19:42:21,605{GMT}	INFO	[jepsen worker 0] jepsen.util: 0	:ok	:echo	{:echo "Please echo 73", :in_reply_to 43, :msg_id 43, :type "echo_ok"}
2023-02-25 19:42:21,911{GMT}	INFO	[jepsen worker 0] jepsen.util: 0	:invoke	:echo	"Please echo 53"
2023-02-25 19:42:21,913{GMT}	INFO	[jepsen worker 0] jepsen.util: 0	:ok	:echo	{:echo "Please echo 53", :in_reply_to 44, :msg_id 44, :type "echo_ok"}
2023-02-25 19:42:22,092{GMT}	INFO	[jepsen worker 0] jepsen.util: 0	:invoke	:echo	"Please echo 42"
2023-02-25 19:42:22,094{GMT}	INFO	[jepsen worker 0] jepsen.util: 0	:ok	:echo	{:echo "Please echo 42", :in_reply_to 45, :msg_id 45, :type "echo_ok"}
2023-02-25 19:42:22,450{GMT}	INFO	[jepsen worker 0] jepsen.util: 0	:invoke	:echo	"Please echo 45"
2023-02-25 19:42:22,452{GMT}	INFO	[jepsen worker 0] jepsen.util: 0	:ok	:echo	{:echo "Please echo 45", :in_reply_to 46, :msg_id 46, :type "echo_ok"}
2023-02-25 19:42:22,468{GMT}	INFO	[jepsen test runner] jepsen.core: Run complete, writing
2023-02-25 19:42:22,505{GMT}	INFO	[jepsen node n0] maelstrom.db: Tearing down n0
2023-02-25 19:42:23,606{GMT}	INFO	[jepsen node n0] maelstrom.net: Shutting down Maelstrom network
2023-02-25 19:42:23,606{GMT}	INFO	[jepsen test runner] jepsen.core: Analyzing...
2023-02-25 19:42:23,800{GMT}	INFO	[jepsen test runner] jepsen.core: Analysis complete
2023-02-25 19:42:23,809{GMT}	INFO	[jepsen results] jepsen.store: Wrote /home/ambareen/Ambareen-Personal/Personal-projects/maelstrom-echo/maelstrom/store/echo/20230225T194210.645+0530/results.edn
2023-02-25 19:42:23,820{GMT}	INFO	[jepsen test runner] jepsen.core: {:perf {:latency-graph {:valid? true},
        :rate-graph {:valid? true},
        :valid? true},
 :timeline {:valid? true},
 :exceptions {:valid? true},
 :stats {:valid? true,
         :count 46,
         :ok-count 46,
         :fail-count 0,
         :info-count 0,
         :by-f {:echo {:valid? true,
                       :count 46,
                       :ok-count 46,
                       :fail-count 0,
                       :info-count 0}}},
 :availability {:valid? true, :ok-fraction 1.0},
 :net {:all {:send-count 94,
             :recv-count 94,
             :msg-count 94,
             :msgs-per-op 2.0434783},
       :clients {:send-count 94, :recv-count 94, :msg-count 94},
       :servers {:send-count 0,
                 :recv-count 0,
                 :msg-count 0,
                 :msgs-per-op 0.0},
       :valid? true},
 :workload {:valid? true, :errors ()},
 :valid? true}


Everything looks good! ヽ(‘ー`)ノ
